Change Component Designator: OldDesignator=Debug NewDesignator=Debug1
Change Component Designator: OldDesignator=U1 NewDesignator=U6
Added Component: Designator=D5(D_SMA)
Added Component: Designator=D6(D_SMA)
Added Component: Designator=led3(led 5mm red dip)
Added Component: Designator=led4(led 5mm red dip)
Added Component: Designator=OUT3(MSTBF_2)
Added Component: Designator=OUT4(MSTBF_2)
Added Component: Designator=R8(R0805E)
Add component (AddParameter): Name = "Value"; Value = "R1/4W - 1K"; VariantName = "[No Variations]"
Added Component: Designator=R9(R0805E)
Add component (AddParameter): Name = "Value"; Value = "R1/4W - 1K"; VariantName = "[No Variations]"
Added Component: Designator=R10(R0125W_AX03)
Add component (AddParameter): Name = "Value"; Value = "R1/4W - 1K"; VariantName = "[No Variations]"
Added Component: Designator=R11(R0125W_AX03)
Add component (AddParameter): Name = "Value"; Value = "R1/4W - 1K"; VariantName = "[No Variations]"
Added Component: Designator=R12(R0805E)
Add component (AddParameter): Name = "Value"; Value = "R1/4W - 1K"; VariantName = "[No Variations]"
Added Component: Designator=R13(R0805E)
Add component (AddParameter): Name = "Value"; Value = "R1/4W - 1K"; VariantName = "[No Variations]"
Added Component: Designator=relay3(RL_SPDT_10A)
Added Component: Designator=relay4(RL_SPDT_10A)
Added Pin To Net: NetName=5V Pin=D5-2
Added Pin To Net: NetName=5V Pin=D6-2
Added Pin To Net: NetName=GND Pin=OUT3-2
Added Pin To Net: NetName=GND Pin=OUT4-2
Added Pin To Net: NetName=5V Pin=R8-1
Added Pin To Net: NetName=5V Pin=R9-1
Added Pin To Net: NetName=GND Pin=R12-2
Added Pin To Net: NetName=GND Pin=R13-2
Added Pin To Net: NetName=12V Pin=relay3-3
Added Pin To Net: NetName=5V Pin=relay3-5
Added Pin To Net: NetName=12V Pin=relay4-3
Added Pin To Net: NetName=5V Pin=relay4-5
Added Pin To Net: NetName=DP1 Pin=R10-2
Added Net: Name=DP1
Added Pin To Net: NetName=DP2 Pin=R11-2
Added Net: Name=DP2
Added Pin To Net: NetName=NetD5_1 Pin=D5-1
Added Pin To Net: NetName=NetD5_1 Pin=led3-2
Added Pin To Net: NetName=NetD5_1 Pin=relay3-4
Added Net: Name=NetD5_1
Added Pin To Net: NetName=NetD6_1 Pin=D6-1
Added Pin To Net: NetName=NetD6_1 Pin=led4-2
Added Pin To Net: NetName=NetD6_1 Pin=relay4-4
Added Net: Name=NetD6_1
Added Pin To Net: NetName=Netled3_1 Pin=led3-1
Added Pin To Net: NetName=Netled3_1 Pin=R8-2
Added Net: Name=Netled3_1
Added Pin To Net: NetName=Netled4_1 Pin=led4-1
Added Pin To Net: NetName=Netled4_1 Pin=R9-2
Added Net: Name=Netled4_1
Added Pin To Net: NetName=NetOUT3_1 Pin=OUT3-1
Added Pin To Net: NetName=NetOUT3_1 Pin=relay3-1
Added Net: Name=NetOUT3_1
Added Pin To Net: NetName=NetOUT4_1 Pin=OUT4-1
Added Pin To Net: NetName=NetOUT4_1 Pin=relay4-1
Added Net: Name=NetOUT4_1
Added Pin To Net: NetName=NetQ3_3 Pin=R10-1
Added Pin To Net: NetName=NetQ3_3 Pin=R12-1
Added Net: Name=NetQ3_3
Added Pin To Net: NetName=NetQ4_3 Pin=R11-1
Added Pin To Net: NetName=NetQ4_3 Pin=R13-1
Added Net: Name=NetQ4_3
Added Member To Class: ClassName=SmartDoor Member=Component D5 diode
Added Member To Class: ClassName=SmartDoor Member=Component D6 diode
Added Member To Class: ClassName=SmartDoor Member=Component led3 led
Added Member To Class: ClassName=SmartDoor Member=Component led4 led
Added Member To Class: ClassName=SmartDoor Member=Component OUT3 con2
Added Member To Class: ClassName=SmartDoor Member=Component OUT4 con2
Added Member To Class: ClassName=SmartDoor Member=Component R8 1k
Added Member To Class: ClassName=SmartDoor Member=Component R9 1k
Added Member To Class: ClassName=SmartDoor Member=Component R10 200
Added Member To Class: ClassName=SmartDoor Member=Component R11 200
Added Member To Class: ClassName=SmartDoor Member=Component R12 10K
Added Member To Class: ClassName=SmartDoor Member=Component R13 10K
Added Member To Class: ClassName=SmartDoor Member=Component relay3 relay2
Added Member To Class: ClassName=SmartDoor Member=Component relay4 relay2
Added Member To Class: ClassName=SmartDoor Member=Component U6 KIT_stm32f103c8t6
