Removed Pin From Net: NetName=GND Pin=C7-1
Removed Pin From Net: NetName=3V3 Pin=C7-2
Removed Pin From Net: NetName=GND Pin=C8-1
Removed Pin From Net: NetName=3V3 Pin=C8-2
Removed Pin From Net: NetName=GND Pin=IC1-8
Removed Pin From Net: NetName=3V3 Pin=IC1-9
Removed Pin From Net: NetName=STM32_TX2 Pin=IC1-12
Removed Pin From Net: NetName=STM32_RX2 Pin=IC1-13
Removed Pin From Net: NetName=RC522_SCK Pin=IC1-15
Removed Pin From Net: NetName=RC522_MISO Pin=IC1-16
Removed Pin From Net: NetName=RC522_MOSI Pin=IC1-17
Removed Pin From Net: NetName=RC522_RST Pin=IC1-18
Removed Pin From Net: NetName=RC522_SS Pin=IC1-19
Removed Pin From Net: NetName=R4 Pin=IC1-20
Removed Pin From Net: NetName=STM32_TX3 Pin=IC1-21
Removed Pin From Net: NetName=STM32_RX3 Pin=IC1-22
Removed Pin From Net: NetName=GND Pin=IC1-23
Removed Pin From Net: NetName=3V3 Pin=IC1-24
Removed Pin From Net: NetName=R3 Pin=IC1-25
Removed Pin From Net: NetName=R2 Pin=IC1-26
Removed Pin From Net: NetName=R1 Pin=IC1-27
Removed Pin From Net: NetName=C4 Pin=IC1-28
Removed Pin From Net: NetName=C3 Pin=IC1-29
Removed Pin From Net: NetName=STM32_TX1 Pin=IC1-30
Removed Pin From Net: NetName=STM32_RX1 Pin=IC1-31
Removed Pin From Net: NetName=C2 Pin=IC1-32
Removed Pin From Net: NetName=C1 Pin=IC1-33
Removed Pin From Net: NetName=SWDIO Pin=IC1-34
Removed Pin From Net: NetName=GND Pin=IC1-35
Removed Pin From Net: NetName=3V3 Pin=IC1-36
Removed Pin From Net: NetName=SWCLK Pin=IC1-37
Removed Pin From Net: NetName=COI Pin=IC1-40
Removed Pin From Net: NetName=KHOA Pin=IC1-41
Removed Pin From Net: NetName=SCL1 Pin=IC1-42
Removed Pin From Net: NetName=SDA1 Pin=IC1-43
Removed Pin From Net: NetName=GND Pin=IC1-47
Removed Pin From Net: NetName=3V3 Pin=IC1-48
Removed Pin From Net: NetName=GND Pin=R8-1
Removed Pin From Net: NetName=3V3 Pin=R9-2
Removed Pin From Net: NetName=3V3 Pin=R10-2
Removed Pin From Net: NetName=GND Pin=S1-1
Removed Member From Class: ClassName=SmartDoor Member=C7
Removed Member From Class: ClassName=SmartDoor Member=C8
Removed Member From Class: ClassName=SmartDoor Member=IC1
Removed Member From Class: ClassName=SmartDoor Member=R8
Removed Member From Class: ClassName=SmartDoor Member=R9
Removed Member From Class: ClassName=SmartDoor Member=R10
Removed Member From Class: ClassName=SmartDoor Member=S1
Added Component: Designator=U1(KIT_stm32f103)
Added Pin To Net: NetName=GND Pin=U1-19
Added Pin To Net: NetName=3V3 Pin=U1-20
Added Pin To Net: NetName=GND Pin=U1-39
Added Pin To Net: NetName=GND Pin=U1-40
Added Member To Class: ClassName=SmartDoor Member=Component U1 LM2576 5v
Added Room: Name=SmartDoor
